Using pre-set license
Built from '2020.3/staging' branch; Version is '2020.3.0f1 (c7b5465681fb) revision 13088070'; Using compiler version '192528614'; Build Type 'Release'
OS: 'Windows 10 Home; OS build 22000.556; Version 2009; 64bit' Language: 'en' Physical Memory: 16319 MB
BatchMode: 1, IsHumanControllingUs: 0, StartBugReporterOnCrash: 0, Is64bit: 1, IsPro: 0

 COMMAND LINE ARGUMENTS:
F:\Unity\2020.3.0f1\Editor\Unity.exe
-adb2
-batchMode
-noUpm
-name
AssetImportWorker0
-projectPath
F:/CMP304/CMP304Coursework1/CMP304 Submission
-logFile
Logs/AssetImportWorker0.log
-srvPort
61219
Successfully changed project path to: F:/CMP304/CMP304Coursework1/CMP304 Submission
F:/CMP304/CMP304Coursework1/CMP304 Submission
Using Asset Import Pipeline V2.
Refreshing native plugins compatible for Editor in 36.05 ms, found 1 plugins.
Preloading 0 native plugins for Editor in 0.00 ms.
Initialize engine version: 2020.3.0f1 (c7b5465681fb)
[Subsystems] Discovering subsystems at path F:/Unity/2020.3.0f1/Editor/Data/Resources/UnitySubsystems
[Subsystems] Discovering subsystems at path F:/CMP304/CMP304Coursework1/CMP304 Submission/Assets
GfxDevice: creating device client; threaded=0
Direct3D:
    Version:  Direct3D 11.0 [level 11.1]
    Renderer: NVIDIA GeForce GTX 1650 (ID=0x1f82)
    Vendor:   
    VRAM:     3962 MB
    Driver:   30.0.15.1179
Initialize mono
Mono path[0] = 'F:/Unity/2020.3.0f1/Editor/Data/Managed'
Mono path[1] = 'F:/Unity/2020.3.0f1/Editor/Data/MonoBleedingEdge/lib/mono/unityjit'
Mono config path = 'F:/Unity/2020.3.0f1/Editor/Data/MonoBleedingEdge/etc'
Using monoOptions --debugger-agent=transport=dt_socket,embedding=1,server=y,suspend=n,address=127.0.0.1:56060
Begin MonoManager ReloadAssembly
Registering precompiled unity dll's ...
Register platform support module: F:/Unity/2020.3.0f1/Editor/Data/PlaybackEngines/WindowsStandaloneSupport/UnityEditor.WindowsStandalone.Extensions.dll
Registered in 0.000861 seconds.
Native extension for WindowsStandalone target not found
Refreshing native plugins compatible for Editor in 36.45 ms, found 1 plugins.
Preloading 0 native plugins for Editor in 0.00 ms.
Invoked RoslynAnalysisRunner static constructor.
RoslynAnalysisRunner will not be running.
RoslynAnalysisRunner has terminated.
Mono: successfully reloaded assembly
- Completed reload, in  0.984 seconds
Platform modules already initialized, skipping
Registering precompiled user dll's ...
Registered in 0.001079 seconds.
Begin MonoManager ReloadAssembly
Native extension for WindowsStandalone target not found
Refreshing native plugins compatible for Editor in 37.08 ms, found 1 plugins.
Preloading 0 native plugins for Editor in 0.00 ms.
Invoked RoslynAnalysisRunner static constructor.
RoslynAnalysisRunner will not be running.
RoslynAnalysisRunner has terminated.
Mono: successfully reloaded assembly
- Completed reload, in  0.910 seconds
Platform modules already initialized, skipping
========================================================================
Worker process is ready to serve import requests
Launched and connected shader compiler UnityShaderCompiler.exe after 0.03 seconds
Refreshing native plugins compatible for Editor in 0.36 ms, found 1 plugins.
Preloading 0 native plugins for Editor in 0.00 ms.
Unloading 1955 Unused Serialized files (Serialized files now loaded: 0)
System memory in use before: 90.5 MB.
System memory in use after: 90.4 MB.

Unloading 26 unused Assets to reduce memory usage. Loaded Objects now: 2396.
Total: 4.476200 ms (FindLiveObjects: 0.900600 ms CreateObjectMapping: 0.280400 ms MarkObjects: 3.094400 ms  DeleteObjects: 0.198800 ms)

========================================================================
Received Prepare
Registering precompiled user dll's ...
Registered in 0.001117 seconds.
Begin MonoManager ReloadAssembly
Native extension for WindowsStandalone target not found
Refreshing native plugins compatible for Editor in 0.37 ms, found 1 plugins.
Preloading 0 native plugins for Editor in 0.00 ms.
Invoked RoslynAnalysisRunner static constructor.
RoslynAnalysisRunner will not be running.
RoslynAnalysisRunner has terminated.
Mono: successfully reloaded assembly
- Completed reload, in  0.763 seconds
Platform modules already initialized, skipping
Refreshing native plugins compatible for Editor in 0.36 ms, found 1 plugins.
Preloading 0 native plugins for Editor in 0.00 ms.
Unloading 1945 Unused Serialized files (Serialized files now loaded: 0)
System memory in use before: 90.1 MB.
System memory in use after: 90.1 MB.

Unloading 13 unused Assets to reduce memory usage. Loaded Objects now: 2400.
Total: 1.930500 ms (FindLiveObjects: 0.169100 ms CreateObjectMapping: 0.064800 ms MarkObjects: 1.595300 ms  DeleteObjects: 0.100400 ms)

========================================================================
Received Import Request.
  path: Assets/Scripts/Behaviour Tree/TreeNode.cs
  artifactKey: Guid(dd3a0bba5df9ef846881af3586b5e68a) Importer(815301076,1909f56bfc062723c751e8b465ee728b)
Start importing Assets/Scripts/Behaviour Tree/TreeNode.cs using Guid(dd3a0bba5df9ef846881af3586b5e68a) Importer(815301076,1909f56bfc062723c751e8b465ee728b)  -> (artifact id: '3224a812db5a65846dff9bb9270ba08e') in 0.051207 seconds
  Import took 0.054031 seconds .

========================================================================
Received Import Request.
  Time since last request: 33.374577 seconds.
  path: Assets/Scripts/Behaviour Tree/TreeNode.cs
  artifactKey: Guid(dd3a0bba5df9ef846881af3586b5e68a) Importer(815301076,1909f56bfc062723c751e8b465ee728b)
Start importing Assets/Scripts/Behaviour Tree/TreeNode.cs using Guid(dd3a0bba5df9ef846881af3586b5e68a) Importer(815301076,1909f56bfc062723c751e8b465ee728b)  -> (artifact id: '10f9922ba0a4516e1ec495f7cee9c139') in 0.014759 seconds
  Import took 0.017753 seconds .

========================================================================
Received Prepare
Registering precompiled user dll's ...
Registered in 0.001150 seconds.
Begin MonoManager ReloadAssembly
Native extension for WindowsStandalone target not found
Refreshing native plugins compatible for Editor in 0.36 ms, found 1 plugins.
Preloading 0 native plugins for Editor in 0.00 ms.
Invoked RoslynAnalysisRunner static constructor.
RoslynAnalysisRunner will not be running.
RoslynAnalysisRunner has terminated.
Mono: successfully reloaded assembly
- Completed reload, in  0.750 seconds
Platform modules already initialized, skipping
Refreshing native plugins compatible for Editor in 0.41 ms, found 1 plugins.
Preloading 0 native plugins for Editor in 0.00 ms.
Unloading 1945 Unused Serialized files (Serialized files now loaded: 0)
System memory in use before: 90.2 MB.
System memory in use after: 90.2 MB.

Unloading 13 unused Assets to reduce memory usage. Loaded Objects now: 2404.
Total: 1.910000 ms (FindLiveObjects: 0.178600 ms CreateObjectMapping: 0.067900 ms MarkObjects: 1.570600 ms  DeleteObjects: 0.092100 ms)

========================================================================
Received Import Request.
  Time since last request: 13.964570 seconds.
  path: Assets/Scripts/Behaviour Tree/TreeNode.cs
  artifactKey: Guid(dd3a0bba5df9ef846881af3586b5e68a) Importer(815301076,1909f56bfc062723c751e8b465ee728b)
Start importing Assets/Scripts/Behaviour Tree/TreeNode.cs using Guid(dd3a0bba5df9ef846881af3586b5e68a) Importer(815301076,1909f56bfc062723c751e8b465ee728b)  -> (artifact id: '877d6edc33db1d7af554c28d425eed9c') in 0.003386 seconds
  Import took 0.006023 seconds .

========================================================================
Received Import Request.
  Time since last request: 9.406350 seconds.
  path: Assets/Scripts/GuardFSM.cs
  artifactKey: Guid(e256fc95bd7d9f24b878d17ae0d8078e) Importer(815301076,1909f56bfc062723c751e8b465ee728b)
Start importing Assets/Scripts/GuardFSM.cs using Guid(e256fc95bd7d9f24b878d17ae0d8078e) Importer(815301076,1909f56bfc062723c751e8b465ee728b)  -> (artifact id: 'fa4d6a39c918c4a293632c4ad3772717') in 0.004771 seconds
  Import took 0.007624 seconds .

========================================================================
Received Import Request.
  Time since last request: 0.023191 seconds.
  path: Assets/Scripts/GuardFSM.cs
  artifactKey: Guid(e256fc95bd7d9f24b878d17ae0d8078e) Importer(815301076,1909f56bfc062723c751e8b465ee728b)
Start importing Assets/Scripts/GuardFSM.cs using Guid(e256fc95bd7d9f24b878d17ae0d8078e) Importer(815301076,1909f56bfc062723c751e8b465ee728b)  -> (artifact id: 'fa4d6a39c918c4a293632c4ad3772717') in 0.001975 seconds
  Import took 0.004775 seconds .

========================================================================
Received Import Request.
  Time since last request: 34.537976 seconds.
  path: Assets/Scripts/GuardFSM.cs
  artifactKey: Guid(e256fc95bd7d9f24b878d17ae0d8078e) Importer(815301076,1909f56bfc062723c751e8b465ee728b)
Start importing Assets/Scripts/GuardFSM.cs using Guid(e256fc95bd7d9f24b878d17ae0d8078e) Importer(815301076,1909f56bfc062723c751e8b465ee728b)  -> (artifact id: '01e698852005cd55178c18189418ac7f') in 0.003566 seconds
  Import took 0.008905 seconds .

========================================================================
Received Prepare
Registering precompiled user dll's ...
Registered in 0.002432 seconds.
Begin MonoManager ReloadAssembly
Native extension for WindowsStandalone target not found
Refreshing native plugins compatible for Editor in 0.36 ms, found 1 plugins.
Preloading 0 native plugins for Editor in 0.00 ms.
Invoked RoslynAnalysisRunner static constructor.
RoslynAnalysisRunner will not be running.
RoslynAnalysisRunner has terminated.
Mono: successfully reloaded assembly
- Completed reload, in  0.770 seconds
Platform modules already initialized, skipping
Refreshing native plugins compatible for Editor in 0.38 ms, found 1 plugins.
Preloading 0 native plugins for Editor in 0.00 ms.
Unloading 1945 Unused Serialized files (Serialized files now loaded: 0)
System memory in use before: 90.2 MB.
System memory in use after: 90.2 MB.

Unloading 13 unused Assets to reduce memory usage. Loaded Objects now: 2408.
Total: 1.955300 ms (FindLiveObjects: 0.192500 ms CreateObjectMapping: 0.081200 ms MarkObjects: 1.584600 ms  DeleteObjects: 0.096200 ms)

========================================================================
Received Import Request.
  Time since last request: 11.146201 seconds.
  path: Assets/Scripts/GuardFSM.cs
  artifactKey: Guid(e256fc95bd7d9f24b878d17ae0d8078e) Importer(815301076,1909f56bfc062723c751e8b465ee728b)
Start importing Assets/Scripts/GuardFSM.cs using Guid(e256fc95bd7d9f24b878d17ae0d8078e) Importer(815301076,1909f56bfc062723c751e8b465ee728b)  -> (artifact id: '41cb04444da903641e97e1d8195fdfa3') in 0.003573 seconds
  Import took 0.006307 seconds .

========================================================================
Received Prepare
Refreshing native plugins compatible for Editor in 1.72 ms, found 1 plugins.
Preloading 0 native plugins for Editor in 0.00 ms.
Unloading 11 Unused Serialized files (Serialized files now loaded: 0)
System memory in use before: 52.0 MB.
System memory in use after: 52.0 MB.

Unloading 11 unused Assets to reduce memory usage. Loaded Objects now: 2408.
Total: 1.998100 ms (FindLiveObjects: 0.195900 ms CreateObjectMapping: 0.079400 ms MarkObjects: 1.621100 ms  DeleteObjects: 0.100600 ms)

